2016-10-08 10:59:58 =SUPERVISOR REPORT====
     Supervisor: {local,'Elixir.Logger.Supervisor'}
     Context:    child_terminated
     Reason:     normal
     Offender:   [{pid,<0.199.0>},{id,'Elixir.Logger.ErrorHandler'},{mfargs,{'Elixir.Logger.Watcher',watcher,[error_logger,'Elixir.Logger.ErrorHandler',{true,false,500},link]}},{restart_type,permanent},{shutdown,5000},{child_type,worker}]

2016-10-08 11:25:04 =SUPERVISOR REPORT====
     Supervisor: {local,'Elixir.Logger.Supervisor'}
     Context:    child_terminated
     Reason:     normal
     Offender:   [{pid,<0.199.0>},{id,'Elixir.Logger.ErrorHandler'},{mfargs,{'Elixir.Logger.Watcher',watcher,[error_logger,'Elixir.Logger.ErrorHandler',{true,false,500},link]}},{restart_type,permanent},{shutdown,5000},{child_type,worker}]

2016-10-08 11:26:11 =SUPERVISOR REPORT====
     Supervisor: {local,'Elixir.Logger.Supervisor'}
     Context:    child_terminated
     Reason:     normal
     Offender:   [{pid,<0.199.0>},{id,'Elixir.Logger.ErrorHandler'},{mfargs,{'Elixir.Logger.Watcher',watcher,[error_logger,'Elixir.Logger.ErrorHandler',{true,false,500},link]}},{restart_type,permanent},{shutdown,5000},{child_type,worker}]

2016-10-08 11:30:07 =SUPERVISOR REPORT====
     Supervisor: {local,'Elixir.Logger.Supervisor'}
     Context:    child_terminated
     Reason:     normal
     Offender:   [{pid,<0.199.0>},{id,'Elixir.Logger.ErrorHandler'},{mfargs,{'Elixir.Logger.Watcher',watcher,[error_logger,'Elixir.Logger.ErrorHandler',{true,false,500},link]}},{restart_type,permanent},{shutdown,5000},{child_type,worker}]

